DICO: 2024/01/11 09:59:36 logger.go:30: [WelcomeHandler] Requête reçue : GET /
DICO: 2024/01/11 10:00:23 logger.go:30: [WelcomeHandler] Requête reçue : POST /
DICO: 2024/01/11 10:00:28 logger.go:30: [WelcomeHandler] Requête reçue : POST /
DICO: 2024/01/11 10:00:29 logger.go:30: [WelcomeHandler] Requête reçue : POST /
DICO: 2024/01/11 10:00:29 logger.go:30: [WelcomeHandler] Requête reçue : POST /
DICO: 2024/01/11 10:00:29 logger.go:30: [WelcomeHandler] Requête reçue : POST /
DICO: 2024/01/11 10:00:29 logger.go:30: [WelcomeHandler] Requête reçue : POST /
DICO: 2024/01/11 10:00:29 logger.go:30: [WelcomeHandler] Requête reçue : POST /
DICO: 2024/01/11 10:01:48 logger.go:30: [WelcomeHandler] Requête reçue : POST /login
DICO: 2024/01/11 10:01:52 logger.go:30: [WelcomeHandler] Requête reçue : POST /login
DICO: 2024/01/11 10:01:53 logger.go:30: [WelcomeHandler] Requête reçue : POST /login
DICO: 2024/01/11 10:01:53 logger.go:30: [WelcomeHandler] Requête reçue : POST /login
DICO: 2024/01/11 10:01:53 logger.go:30: [WelcomeHandler] Requête reçue : POST /login
DICO: 2024/01/11 10:01:53 logger.go:30: [WelcomeHandler] Requête reçue : POST /login
DICO: 2024/01/11 10:01:53 logger.go:30: [WelcomeHandler] Requête reçue : POST /login
DICO: 2024/01/11 10:02:17 logger.go:30: [LoginHandler] Mauvaise méthode de requête: GET, POST attendu. Route: /api/login
DICO: 2024/01/11 10:12:59 logger.go:30: [LoginHandler] Mauvaise méthode de requête: GET, POST attendu. Route: /api/login
DICO: 2024/01/11 10:17:27 logger.go:30: [LoginHandler] Mauvais contenu de requête: POST, username et password attendu. Route: /api/login, username : , password : 
DICO: 2024/01/11 10:17:30 logger.go:30: [LoginHandler] Mauvais contenu de requête: POST, username et password attendu. Route: /api/login, username : , password : 
DICO: 2024/01/11 10:17:30 logger.go:30: [LoginHandler] Mauvais contenu de requête: POST, username et password attendu. Route: /api/login, username : , password : 
DICO: 2024/01/11 10:17:31 logger.go:30: [LoginHandler] Mauvais contenu de requête: POST, username et password attendu. Route: /api/login, username : , password : 
DICO: 2024/01/11 10:26:04 logger.go:30: [LoginHandler] Nom d'utilisateur ou mot de passe incorrect pour l'utilisateur: utilisateur
DICO: 2024/01/11 10:55:33 logger.go:30: [ApiAddWordHandler] Error decoding request body: EOF. Route: /api/words/add
DICO: 2024/01/11 10:59:45 logger.go:30: [ApiAddWordHandler] Error decoding request body: EOF. Route: /api/words/add
DICO: 2024/01/11 11:01:01 logger.go:30: [ApiAddWordHandler] Clés manquantes dans le corps de la requête. Route: /api/words/add
DICO: 2024/01/11 11:01:49 logger.go:30: [WelcomeHandler] Requête reçue : GET /
DICO: 2024/01/11 11:02:10 logger.go:30: [DictionnaryHandler] Requête non autorisé : POST /api/words/add. Le jeton d'authentification est invalide.
DICO: 2024/01/11 11:02:13 logger.go:30: [ApiAddWordHandler] Conflict: Le mot 'symfony' existe déjà dans le dico. Route: /api/words/add
DICO: 2024/01/11 11:02:14 logger.go:30: [ApiAddWordHandler] Conflict: Le mot 'symfony' existe déjà dans le dico. Route: /api/words/add
DICO: 2024/01/11 11:02:15 logger.go:30: [ApiAddWordHandler] Conflict: Le mot 'symfony' existe déjà dans le dico. Route: /api/words/add
DICO: 2024/01/11 11:03:06 logger.go:30: [WelcomeHandler] Requête reçue : POST /api/
DICO: 2024/01/11 11:19:28 logger.go:30: [WelcomeHandler] Requête reçue : POST /api/
DICO: 2024/01/11 11:19:52 logger.go:30: [ApiAddWordHandler] Conflict: Le mot 'symfony' existe déjà dans le dico. Route: /api/words/add
DICO: 2024/01/11 11:54:25 logger.go:31: [runAPIMode] Server started on :8080
DICO: 2024/01/11 12:02:37 logger.go:31: [runAPIMode] Server started on :8080
DICO: 2024/01/11 12:02:48 logger.go:31: [/api/login] Requête reçue : POST /api/login
DICO: 2024/01/11 12:02:52 logger.go:31: [/api/words/remove/ang] Requête reçue : DELETE /api/words/remove/ang
DICO: 2024/01/11 12:03:00 logger.go:31: [/api/login] Requête reçue : POST /api/login
DICO: 2024/01/11 12:14:17 logger.go:31: [runAPIMode] Server started on :8080
DICO: 2024/01/11 12:15:16 logger.go:31: [/api/words/list] Requête reçue : DELETE /api/words/list
DICO: 2024/01/11 12:15:20 logger.go:31: [/api/words/list] Requête reçue : GET /api/words/list
DICO: 2024/01/11 12:17:40 logger.go:31: [runAPIMode] Server started on :8080
DICO: 2024/01/11 12:17:53 logger.go:31: [ApiListWordsHandler] Requête :GET. Route: /api/words/list
DICO: 2024/01/11 13:02:41 logger.go:36: [runAPIMode] Server started on :8080
DICO: 2024/01/11 13:02:47 logger.go:36: [ApiListWordsHandler] Requête : GET. Route: /api/words/list
DICO: 2024/01/11 13:02:51 logger.go:36: [ApiListWordsHandler] Requête : GET. Route: /api/words/list
DICO: 2024/01/11 13:03:20 logger.go:36: [/api/words/add] Requête reçue : POST /api/words/add
DICO: 2024/01/11 13:03:24 logger.go:36: [/api/words/add] Requête reçue : POST /api/words/add
DICO: 2024/01/11 13:03:30 logger.go:36: [/api/words/add] Requête reçue : POST /api/words/add
DICO: 2024/01/11 13:04:20 logger.go:36: [/api/words/add] Requête reçue : POST /api/words/add
DICO: 2024/01/11 13:04:21 logger.go:36: [/api/words/add] Requête reçue : POST /api/words/add
DICO: 2024/01/11 13:04:21 logger.go:36: [/api/words/add] Requête reçue : POST /api/words/add
DICO: 2024/01/11 13:04:22 logger.go:36: [/api/words/add] Requête reçue : POST /api/words/add
DICO: 2024/01/11 13:04:22 logger.go:36: [/api/words/add] Requête reçue : POST /api/words/add
DICO: 2024/01/11 13:04:23 logger.go:36: [/api/words/add] Requête reçue : POST /api/words/add
DICO: 2024/01/11 13:04:23 logger.go:36: [/api/words/add] Requête reçue : POST /api/words/add
DICO: 2024/01/11 13:04:23 logger.go:36: [/api/words/add] Requête reçue : POST /api/words/add
DICO: 2024/01/11 13:04:43 logger.go:36: [/api/words/list] Requête reçue : POST /api/words/list
DICO: 2024/01/11 13:04:47 logger.go:36: [ApiListWordsHandler] Requête : GET. Route: /api/words/list
DICO: 2024/01/11 13:05:22 logger.go:36: [runAPIMode] Server started on :8080
DICO: 2024/01/11 13:14:35 logger.go:36: [runAPIMode] Server started on :8080
DICO: 2024/01/11 13:14:42 logger.go:36: [ApiListWordsHandler] Requête : GET. Route: /api/words/list
DICO: 2024/01/11 13:14:58 logger.go:36: [/api/words/remove/go] Requête reçue : GET /api/words/remove/go
DICO: 2024/01/11 13:15:03 logger.go:36: [/api/words/remove/go] Requête reçue : DELETE /api/words/remove/go
DICO: 2024/01/11 13:15:16 logger.go:36: [/api/words/remove/test] Requête reçue : DELETE /api/words/remove/test
DICO: 2024/01/11 13:21:31 logger.go:36: [runAPIMode] Server started on :8080
